---------------------------------------------------------------
[ 2018-06-28T17:43:43+08:00 ] 101.236.56.237 106.120.160.114 GET /
[ info ] admin.iontrum.pk4yo.com/ [运行时间：0.017681s][吞吐率：56.56req/s] [内存消耗：2,370.88kb] [文件加载：48]
[ info ] [ LANG ] /var/www/us4yo-miraila-admin/thinkphp/lang/zh-cn.php
[ info ] [ ROUTE ] array (
  'type' => 'module',
  'module' => 
  array (
    0 => '',
    1 => NULL,
    2 => NULL,
  ),
)
[ info ] [ HEADER ] array (
  'accept-encoding' => 'identity',
  'referer' => 'http://admin.iontrum.pk4yo.com/',
  'host' => 'admin.iontrum.pk4yo.com',
  'accept-language' => 'zh-CN,zh;q=0.8',
  'connection' => 'close',
  'user-agent' => 'Mozilla/4.0 (compatible; MSIE 8.0; Windows NT 6.1; Trident/4.0; SLCC2; .NET CLR 2.0.50727; .NET CLR 3.5.30729; .NET CLR 3.0.30729; Media Center PC 6.0; Tablet PC 2.0)',
  'content-type' => '',
  'content-length' => '',
)
[ info ] [ PARAM ] array (
)
[ info ] [ SESSION ] INIT array (
  'id' => '',
  'var_session_id' => '',
  'prefix' => 'think',
  'type' => '',
  'auto_start' => true,
)
[ info ] [ LOG ] INIT File
---------------------------------------------------------------
[ 2018-06-28T17:44:26+08:00 ] 101.236.56.237 101.199.110.112 GET /
[ info ] admin.iontrum.pk4yo.com/ [运行时间：0.017686s][吞吐率：56.54req/s] [内存消耗：2,371.14kb] [文件加载：48]
[ info ] [ LANG ] /var/www/us4yo-miraila-admin/thinkphp/lang/zh-cn.php
[ info ] [ ROUTE ] array (
  'type' => 'module',
  'module' => 
  array (
    0 => '',
    1 => NULL,
    2 => NULL,
  ),
)
[ info ] [ HEADER ] array (
  'host' => 'admin.iontrum.pk4yo.com',
  'connection' => 'keep-alive',
  'accept-language' => 'zh-CN,zh;q=0.8',
  'user-agent' => 'Mozilla/5.0 (Linux; U; Android 5.0.2; zh-CN; Redmi Note 3 Build/LRX22G) AppleWebKit/537.36 (KHTML, like Gecko) Version/4.0 OPR/11.2.3.102637 Mobile Safari/537.36',
  'accept' => 'text/html,application/xhtml+xml,application/xml;q=0.9,*/*;q=0.8',
  'accept-encoding' => 'gzip,deflate',
  'accept-charset' => 'iso-8859-1,*,utf-8',
  'content-type' => '',
  'content-length' => '',
)
[ info ] [ PARAM ] array (
)
[ info ] [ SESSION ] INIT array (
  'id' => '',
  'var_session_id' => '',
  'prefix' => 'think',
  'type' => '',
  'auto_start' => true,
)
[ info ] [ LOG ] INIT File
---------------------------------------------------------------
[ 2018-06-28T17:44:26+08:00 ] 101.236.56.237 101.199.110.112 GET /login/Login/login.html
[ info ] admin.iontrum.pk4yo.com/login/Login/login.html [运行时间：0.017065s][吞吐率：58.60req/s] [内存消耗：2,316.20kb] [文件加载：46]
[ info ] [ LANG ] /var/www/us4yo-miraila-admin/thinkphp/lang/zh-cn.php
[ info ] [ ROUTE ] array (
  'type' => 'module',
  'module' => 
  array (
    0 => 'login',
    1 => 'Login',
    2 => 'login',
  ),
)
[ info ] [ HEADER ] array (
  'host' => 'admin.iontrum.pk4yo.com',
  'connection' => 'keep-alive',
  'accept-language' => 'zh-CN,zh;q=0.8',
  'user-agent' => 'Mozilla/5.0 (Linux; U; Android 5.0.2; zh-CN; Redmi Note 3 Build/LRX22G) AppleWebKit/537.36 (KHTML, like Gecko) Version/4.0 OPR/11.2.3.102637 Mobile Safari/537.36',
  'accept' => 'text/html,application/xhtml+xml,application/xml;q=0.9,*/*;q=0.8',
  'accept-encoding' => 'gzip,deflate',
  'accept-charset' => 'iso-8859-1,*,utf-8',
  'cookie' => 'PHPSESSID=sieod4erpkdnipufomtuovrsu2',
  'content-type' => '',
  'content-length' => '',
)
[ info ] [ PARAM ] array (
)
[ info ] [ RUN ] admin\login\controller\Login->login[ /var/www/us4yo-miraila-admin/admin/login/controller/Login.php ]
[ info ] [ SESSION ] INIT array (
  'id' => '',
  'var_session_id' => '',
  'prefix' => 'think',
  'type' => '',
  'auto_start' => true,
)
[ info ] [ VIEW ] /var/www/us4yo-miraila-admin/public/../admin/login/view/login/login.html [ array (
) ]
[ info ] [ LOG ] INIT File
---------------------------------------------------------------
[ 2018-06-28T19:38:52+08:00 ] 101.236.56.237 106.11.242.199 GET /
[ info ] admin.iontrum.pk4yo.com/ [运行时间：0.017846s][吞吐率：56.03req/s] [内存消耗：2,370.82kb] [文件加载：48]
[ info ] [ LANG ] /var/www/us4yo-miraila-admin/thinkphp/lang/zh-cn.php
[ info ] [ ROUTE ] array (
  'type' => 'module',
  'module' => 
  array (
    0 => '',
    1 => NULL,
    2 => NULL,
  ),
)
[ info ] [ HEADER ] array (
  'accept-encoding' => 'gzip',
  'user-agent' => 'Mozilla/5.0 (iPad; CPU OS 9_1 like Mac OS X) AppleWebKit/601.1.46 (KHTML, like Gecko) Version/9.0 Mobile/13B143 Safari/601.1',
  'cache-control' => 'no-cache',
  'pragma' => 'no-cache',
  'host' => 'admin.iontrum.pk4yo.com',
  'accept' => 'text/html, image/gif, image/jpeg, *; q=.2, */*; q=.2',
  'connection' => 'keep-alive',
  'content-type' => '',
  'content-length' => '',
)
[ info ] [ PARAM ] array (
)
[ info ] [ SESSION ] INIT array (
  'id' => '',
  'var_session_id' => '',
  'prefix' => 'think',
  'type' => '',
  'auto_start' => true,
)
[ info ] [ LOG ] INIT File
---------------------------------------------------------------
[ 2018-06-28T19:38:52+08:00 ] 101.236.56.237 106.11.242.253 GET /login/Login/login.html
[ info ] admin.iontrum.pk4yo.com/login/Login/login.html [运行时间：0.017420s][吞吐率：57.41req/s] [内存消耗：2,315.52kb] [文件加载：46]
[ info ] [ LANG ] /var/www/us4yo-miraila-admin/thinkphp/lang/zh-cn.php
[ info ] [ ROUTE ] array (
  'type' => 'module',
  'module' => 
  array (
    0 => 'login',
    1 => 'Login',
    2 => 'login',
  ),
)
[ info ] [ HEADER ] array (
  'cookie' => 'PHPSESSID=vms1nbgigvnonbc6348klphh83',
  'accept-encoding' => 'gzip',
  'user-agent' => 'Mozilla/5.0 (iPad; CPU OS 9_1 like Mac OS X) AppleWebKit/601.1.46 (KHTML, like Gecko) Version/9.0 Mobile/13B143 Safari/601.1',
  'cache-control' => 'no-cache',
  'pragma' => 'no-cache',
  'host' => 'admin.iontrum.pk4yo.com',
  'accept' => 'text/html, image/gif, image/jpeg, *; q=.2, */*; q=.2',
  'connection' => 'keep-alive',
  'content-type' => '',
  'content-length' => '',
)
[ info ] [ PARAM ] array (
)
[ info ] [ RUN ] admin\login\controller\Login->login[ /var/www/us4yo-miraila-admin/admin/login/controller/Login.php ]
[ info ] [ SESSION ] INIT array (
  'id' => '',
  'var_session_id' => '',
  'prefix' => 'think',
  'type' => '',
  'auto_start' => true,
)
[ info ] [ VIEW ] /var/www/us4yo-miraila-admin/public/../admin/login/view/login/login.html [ array (
) ]
[ info ] [ LOG ] INIT File
