---------------------------------------------------------------
[ 2018-06-30T19:27:06+08:00 ] 101.236.56.237 106.11.242.35 GET /
[ info ] admin.iontrum.pk4yo.com/ [运行时间：0.017402s][吞吐率：57.46req/s] [内存消耗：2,370.81kb] [文件加载：48]
[ info ] [ LANG ] /var/www/us4yo-miraila-admin/thinkphp/lang/zh-cn.php
[ info ] [ ROUTE ] array (
  'type' => 'module',
  'module' => 
  array (
    0 => '',
    1 => NULL,
    2 => NULL,
  ),
)
[ info ] [ HEADER ] array (
  'accept-encoding' => 'gzip',
  'user-agent' => 'Mozilla/5.0 (iPad; CPU OS 9_1 like Mac OS X) AppleWebKit/601.1.46 (KHTML, like Gecko) Version/9.0 Mobile/13B143 Safari/601.1',
  'cache-control' => 'no-cache',
  'pragma' => 'no-cache',
  'host' => 'admin.iontrum.pk4yo.com',
  'accept' => 'text/html, image/gif, image/jpeg, *; q=.2, */*; q=.2',
  'connection' => 'keep-alive',
  'content-type' => '',
  'content-length' => '',
)
[ info ] [ PARAM ] array (
)
[ info ] [ SESSION ] INIT array (
  'id' => '',
  'var_session_id' => '',
  'prefix' => 'think',
  'type' => '',
  'auto_start' => true,
)
[ info ] [ LOG ] INIT File
---------------------------------------------------------------
[ 2018-06-30T19:27:06+08:00 ] 101.236.56.237 106.11.226.250 GET /login/Login/login.html
[ info ] admin.iontrum.pk4yo.com/login/Login/login.html [运行时间：0.017086s][吞吐率：58.53req/s] [内存消耗：2,315.52kb] [文件加载：46]
[ info ] [ LANG ] /var/www/us4yo-miraila-admin/thinkphp/lang/zh-cn.php
[ info ] [ ROUTE ] array (
  'type' => 'module',
  'module' => 
  array (
    0 => 'login',
    1 => 'Login',
    2 => 'login',
  ),
)
[ info ] [ HEADER ] array (
  'cookie' => 'PHPSESSID=16trih89qho011mgfcrr16ho94',
  'accept-encoding' => 'gzip',
  'user-agent' => 'Mozilla/5.0 (iPad; CPU OS 9_1 like Mac OS X) AppleWebKit/601.1.46 (KHTML, like Gecko) Version/9.0 Mobile/13B143 Safari/601.1',
  'cache-control' => 'no-cache',
  'pragma' => 'no-cache',
  'host' => 'admin.iontrum.pk4yo.com',
  'accept' => 'text/html, image/gif, image/jpeg, *; q=.2, */*; q=.2',
  'connection' => 'keep-alive',
  'content-type' => '',
  'content-length' => '',
)
[ info ] [ PARAM ] array (
)
[ info ] [ RUN ] admin\login\controller\Login->login[ /var/www/us4yo-miraila-admin/admin/login/controller/Login.php ]
[ info ] [ SESSION ] INIT array (
  'id' => '',
  'var_session_id' => '',
  'prefix' => 'think',
  'type' => '',
  'auto_start' => true,
)
[ info ] [ VIEW ] /var/www/us4yo-miraila-admin/public/../admin/login/view/login/login.html [ array (
) ]
[ info ] [ LOG ] INIT File
---------------------------------------------------------------
[ 2018-06-30T20:09:07+08:00 ] 101.236.56.237 106.120.160.114 GET /guessing/Guessing/addGuess.html
[ info ] admin.iontrum.pk4yo.com/guessing/Guessing/addGuess.html [运行时间：0.018117s][吞吐率：55.20req/s] [内存消耗：2,452.03kb] [文件加载：48]
[ info ] [ LANG ] /var/www/us4yo-miraila-admin/thinkphp/lang/zh-cn.php
[ info ] [ ROUTE ] array (
  'type' => 'module',
  'module' => 
  array (
    0 => 'guessing',
    1 => 'Guessing',
    2 => 'addGuess',
  ),
)
[ info ] [ HEADER ] array (
  'accept-encoding' => 'identity',
  'referer' => 'http://admin.iontrum.pk4yo.com/guessing/Guessing/addGuess.html',
  'host' => 'admin.iontrum.pk4yo.com',
  'accept-language' => 'zh-CN,zh;q=0.8',
  'connection' => 'close',
  'user-agent' => 'Mozilla/4.0 (compatible; MSIE 8.0; Windows NT 6.1; Trident/4.0; SLCC2; .NET CLR 2.0.50727; .NET CLR 3.5.30729; .NET CLR 3.0.30729; Media Center PC 6.0; Tablet PC 2.0)',
  'content-type' => '',
  'content-length' => '',
)
[ info ] [ PARAM ] array (
)
[ info ] [ SESSION ] INIT array (
  'id' => '',
  'var_session_id' => '',
  'prefix' => 'think',
  'type' => '',
  'auto_start' => true,
)
[ info ] [ LOG ] INIT File
---------------------------------------------------------------
[ 2018-06-30T20:09:34+08:00 ] 101.236.56.237 101.199.110.115 GET /guessing/Guessing/addGuess.html
[ info ] admin.iontrum.pk4yo.com/guessing/Guessing/addGuess.html [运行时间：0.019033s][吞吐率：52.54req/s] [内存消耗：2,452.17kb] [文件加载：48]
[ info ] [ LANG ] /var/www/us4yo-miraila-admin/thinkphp/lang/zh-cn.php
[ info ] [ ROUTE ] array (
  'type' => 'module',
  'module' => 
  array (
    0 => 'guessing',
    1 => 'Guessing',
    2 => 'addGuess',
  ),
)
[ info ] [ HEADER ] array (
  'host' => 'admin.iontrum.pk4yo.com',
  'connection' => 'keep-alive',
  'accept-language' => 'zh-CN,zh;q=0.8',
  'user-agent' => 'Mozilla/5.0 (Windows NT 6.1) AppleWebKit/537.36 (KHTML, like Gecko) Chrome/36.0.1985.125 Safari/537.36',
  'accept' => 'text/html,application/xhtml+xml,application/xml;q=0.9,*/*;q=0.8',
  'accept-encoding' => 'gzip,deflate',
  'accept-charset' => 'iso-8859-1,*,utf-8',
  'content-type' => '',
  'content-length' => '',
)
[ info ] [ PARAM ] array (
)
[ info ] [ SESSION ] INIT array (
  'id' => '',
  'var_session_id' => '',
  'prefix' => 'think',
  'type' => '',
  'auto_start' => true,
)
[ info ] [ LOG ] INIT File
---------------------------------------------------------------
[ 2018-06-30T20:09:34+08:00 ] 101.236.56.237 101.199.110.115 GET /login/Login/login.html
[ info ] admin.iontrum.pk4yo.com/login/Login/login.html [运行时间：0.018545s][吞吐率：53.92req/s] [内存消耗：2,315.69kb] [文件加载：46]
[ info ] [ LANG ] /var/www/us4yo-miraila-admin/thinkphp/lang/zh-cn.php
[ info ] [ ROUTE ] array (
  'type' => 'module',
  'module' => 
  array (
    0 => 'login',
    1 => 'Login',
    2 => 'login',
  ),
)
[ info ] [ HEADER ] array (
  'host' => 'admin.iontrum.pk4yo.com',
  'connection' => 'keep-alive',
  'accept-language' => 'zh-CN,zh;q=0.8',
  'user-agent' => 'Mozilla/5.0 (Windows NT 6.1) AppleWebKit/537.36 (KHTML, like Gecko) Chrome/36.0.1985.125 Safari/537.36',
  'accept' => 'text/html,application/xhtml+xml,application/xml;q=0.9,*/*;q=0.8',
  'accept-encoding' => 'gzip,deflate',
  'accept-charset' => 'iso-8859-1,*,utf-8',
  'cookie' => 'PHPSESSID=2qc4jjp8gl0k5314d06tqlb676',
  'content-type' => '',
  'content-length' => '',
)
[ info ] [ PARAM ] array (
)
[ info ] [ RUN ] admin\login\controller\Login->login[ /var/www/us4yo-miraila-admin/admin/login/controller/Login.php ]
[ info ] [ SESSION ] INIT array (
  'id' => '',
  'var_session_id' => '',
  'prefix' => 'think',
  'type' => '',
  'auto_start' => true,
)
[ info ] [ VIEW ] /var/www/us4yo-miraila-admin/public/../admin/login/view/login/login.html [ array (
) ]
[ info ] [ LOG ] INIT File
---------------------------------------------------------------
[ 2018-06-30T22:30:25+08:00 ] 101.236.56.237 106.120.160.114 GET /cate/Cate/lists.html
[ info ] admin.iontrum.pk4yo.com/cate/Cate/lists.html [运行时间：0.018071s][吞吐率：55.34req/s] [内存消耗：2,386.27kb] [文件加载：48]
[ info ] [ LANG ] /var/www/us4yo-miraila-admin/thinkphp/lang/zh-cn.php
[ info ] [ ROUTE ] array (
  'type' => 'module',
  'module' => 
  array (
    0 => 'cate',
    1 => 'Cate',
    2 => 'lists',
  ),
)
[ info ] [ HEADER ] array (
  'accept-encoding' => 'identity',
  'referer' => 'http://admin.iontrum.pk4yo.com/cate/Cate/lists.html',
  'host' => 'admin.iontrum.pk4yo.com',
  'accept-language' => 'zh-CN,zh;q=0.8',
  'connection' => 'close',
  'user-agent' => 'Mozilla/4.0 (compatible; MSIE 8.0; Windows NT 6.1; Trident/4.0; SLCC2; .NET CLR 2.0.50727; .NET CLR 3.5.30729; .NET CLR 3.0.30729; Media Center PC 6.0; Tablet PC 2.0)',
  'content-type' => '',
  'content-length' => '',
)
[ info ] [ PARAM ] array (
)
[ info ] [ SESSION ] INIT array (
  'id' => '',
  'var_session_id' => '',
  'prefix' => 'think',
  'type' => '',
  'auto_start' => true,
)
[ info ] [ LOG ] INIT File
---------------------------------------------------------------
[ 2018-06-30T22:30:56+08:00 ] 101.236.56.237 220.181.132.191 GET /cate/Cate/lists.html
[ info ] admin.iontrum.pk4yo.com/cate/Cate/lists.html [运行时间：0.017677s][吞吐率：56.57req/s] [内存消耗：2,386.54kb] [文件加载：48]
[ info ] [ LANG ] /var/www/us4yo-miraila-admin/thinkphp/lang/zh-cn.php
[ info ] [ ROUTE ] array (
  'type' => 'module',
  'module' => 
  array (
    0 => 'cate',
    1 => 'Cate',
    2 => 'lists',
  ),
)
[ info ] [ HEADER ] array (
  'host' => 'admin.iontrum.pk4yo.com',
  'connection' => 'keep-alive',
  'accept-language' => 'zh-CN,zh;q=0.8',
  'user-agent' => 'Mozilla/5.0 (Windows NT 6.1) AppleWebKit/537.36 (KHTML, like Gecko) Chrome/36.0.1985.125 Safari/537.36',
  'accept' => 'text/html,application/xhtml+xml,application/xml;q=0.9,*/*;q=0.8',
  'accept-encoding' => 'gzip,deflate',
  'accept-charset' => 'iso-8859-1,*,utf-8',
  'content-type' => '',
  'content-length' => '',
)
[ info ] [ PARAM ] array (
)
[ info ] [ SESSION ] INIT array (
  'id' => '',
  'var_session_id' => '',
  'prefix' => 'think',
  'type' => '',
  'auto_start' => true,
)
[ info ] [ LOG ] INIT File
---------------------------------------------------------------
[ 2018-06-30T22:30:56+08:00 ] 101.236.56.237 220.181.132.191 GET /login/Login/login.html
[ info ] admin.iontrum.pk4yo.com/login/Login/login.html [运行时间：0.017019s][吞吐率：58.76req/s] [内存消耗：2,315.69kb] [文件加载：46]
[ info ] [ LANG ] /var/www/us4yo-miraila-admin/thinkphp/lang/zh-cn.php
[ info ] [ ROUTE ] array (
  'type' => 'module',
  'module' => 
  array (
    0 => 'login',
    1 => 'Login',
    2 => 'login',
  ),
)
[ info ] [ HEADER ] array (
  'host' => 'admin.iontrum.pk4yo.com',
  'connection' => 'keep-alive',
  'accept-language' => 'zh-CN,zh;q=0.8',
  'user-agent' => 'Mozilla/5.0 (Windows NT 6.1) AppleWebKit/537.36 (KHTML, like Gecko) Chrome/36.0.1985.125 Safari/537.36',
  'accept' => 'text/html,application/xhtml+xml,application/xml;q=0.9,*/*;q=0.8',
  'accept-encoding' => 'gzip,deflate',
  'accept-charset' => 'iso-8859-1,*,utf-8',
  'cookie' => 'PHPSESSID=gluodbrf93nd7idcsvqi5io7n7',
  'content-type' => '',
  'content-length' => '',
)
[ info ] [ PARAM ] array (
)
[ info ] [ RUN ] admin\login\controller\Login->login[ /var/www/us4yo-miraila-admin/admin/login/controller/Login.php ]
[ info ] [ SESSION ] INIT array (
  'id' => '',
  'var_session_id' => '',
  'prefix' => 'think',
  'type' => '',
  'auto_start' => true,
)
[ info ] [ VIEW ] /var/www/us4yo-miraila-admin/public/../admin/login/view/login/login.html [ array (
) ]
[ info ] [ LOG ] INIT File
---------------------------------------------------------------
[ 2018-06-30T22:34:02+08:00 ] 101.236.56.237 106.120.160.114 GET /problem/Problem/lists.html
[ info ] admin.iontrum.pk4yo.com/problem/Problem/lists.html [运行时间：0.017941s][吞吐率：55.74req/s] [内存消耗：2,419.45kb] [文件加载：48]
[ info ] [ LANG ] /var/www/us4yo-miraila-admin/thinkphp/lang/zh-cn.php
[ info ] [ ROUTE ] array (
  'type' => 'module',
  'module' => 
  array (
    0 => 'problem',
    1 => 'Problem',
    2 => 'lists',
  ),
)
[ info ] [ HEADER ] array (
  'accept-encoding' => 'identity',
  'referer' => 'http://admin.iontrum.pk4yo.com/problem/Problem/lists.html',
  'host' => 'admin.iontrum.pk4yo.com',
  'accept-language' => 'zh-CN,zh;q=0.8',
  'connection' => 'close',
  'user-agent' => 'Mozilla/4.0 (compatible; MSIE 8.0; Windows NT 6.1; Trident/4.0; SLCC2; .NET CLR 2.0.50727; .NET CLR 3.5.30729; .NET CLR 3.0.30729; Media Center PC 6.0; Tablet PC 2.0)',
  'content-type' => '',
  'content-length' => '',
)
[ info ] [ PARAM ] array (
)
[ info ] [ SESSION ] INIT array (
  'id' => '',
  'var_session_id' => '',
  'prefix' => 'think',
  'type' => '',
  'auto_start' => true,
)
[ info ] [ LOG ] INIT File
---------------------------------------------------------------
[ 2018-06-30T22:34:25+08:00 ] 101.236.56.237 101.199.112.53 GET /problem/Problem/lists.html
[ info ] admin.iontrum.pk4yo.com/problem/Problem/lists.html [运行时间：0.018681s][吞吐率：53.53req/s] [内存消耗：2,419.86kb] [文件加载：48]
[ info ] [ LANG ] /var/www/us4yo-miraila-admin/thinkphp/lang/zh-cn.php
[ info ] [ ROUTE ] array (
  'type' => 'module',
  'module' => 
  array (
    0 => 'problem',
    1 => 'Problem',
    2 => 'lists',
  ),
)
[ info ] [ HEADER ] array (
  'host' => 'admin.iontrum.pk4yo.com',
  'connection' => 'keep-alive',
  'accept-language' => 'zh-CN,zh;q=0.8',
  'user-agent' => 'Mozilla/5.0 (Windows NT 6.1) AppleWebKit/537.36 (KHTML, like Gecko) Chrome/36.0.1985.125 Safari/537.36',
  'accept' => 'text/html,application/xhtml+xml,application/xml;q=0.9,*/*;q=0.8',
  'accept-encoding' => 'gzip,deflate',
  'accept-charset' => 'iso-8859-1,*,utf-8',
  'content-type' => '',
  'content-length' => '',
)
[ info ] [ PARAM ] array (
)
[ info ] [ SESSION ] INIT array (
  'id' => '',
  'var_session_id' => '',
  'prefix' => 'think',
  'type' => '',
  'auto_start' => true,
)
[ info ] [ LOG ] INIT File
---------------------------------------------------------------
[ 2018-06-30T22:34:25+08:00 ] 101.236.56.237 101.199.112.53 GET /login/Login/login.html
[ info ] admin.iontrum.pk4yo.com/login/Login/login.html [运行时间：0.017030s][吞吐率：58.72req/s] [内存消耗：2,315.69kb] [文件加载：46]
[ info ] [ LANG ] /var/www/us4yo-miraila-admin/thinkphp/lang/zh-cn.php
[ info ] [ ROUTE ] array (
  'type' => 'module',
  'module' => 
  array (
    0 => 'login',
    1 => 'Login',
    2 => 'login',
  ),
)
[ info ] [ HEADER ] array (
  'host' => 'admin.iontrum.pk4yo.com',
  'connection' => 'keep-alive',
  'accept-language' => 'zh-CN,zh;q=0.8',
  'user-agent' => 'Mozilla/5.0 (Windows NT 6.1) AppleWebKit/537.36 (KHTML, like Gecko) Chrome/36.0.1985.125 Safari/537.36',
  'accept' => 'text/html,application/xhtml+xml,application/xml;q=0.9,*/*;q=0.8',
  'accept-encoding' => 'gzip,deflate',
  'accept-charset' => 'iso-8859-1,*,utf-8',
  'cookie' => 'PHPSESSID=karf8ft3oqhutbh14e64osoeq3',
  'content-type' => '',
  'content-length' => '',
)
[ info ] [ PARAM ] array (
)
[ info ] [ RUN ] admin\login\controller\Login->login[ /var/www/us4yo-miraila-admin/admin/login/controller/Login.php ]
[ info ] [ SESSION ] INIT array (
  'id' => '',
  'var_session_id' => '',
  'prefix' => 'think',
  'type' => '',
  'auto_start' => true,
)
[ info ] [ VIEW ] /var/www/us4yo-miraila-admin/public/../admin/login/view/login/login.html [ array (
) ]
[ info ] [ LOG ] INIT File
---------------------------------------------------------------
[ 2018-06-30T23:03:24+08:00 ] 101.236.56.237 106.120.160.114 GET /guessing/Guessing/addGuess.html
[ info ] admin.iontrum.pk4yo.com/guessing/Guessing/addGuess.html [运行时间：0.017929s][吞吐率：55.78req/s] [内存消耗：2,452.03kb] [文件加载：48]
[ info ] [ LANG ] /var/www/us4yo-miraila-admin/thinkphp/lang/zh-cn.php
[ info ] [ ROUTE ] array (
  'type' => 'module',
  'module' => 
  array (
    0 => 'guessing',
    1 => 'Guessing',
    2 => 'addGuess',
  ),
)
[ info ] [ HEADER ] array (
  'accept-encoding' => 'identity',
  'referer' => 'http://admin.iontrum.pk4yo.com/guessing/Guessing/addGuess.html',
  'host' => 'admin.iontrum.pk4yo.com',
  'accept-language' => 'zh-CN,zh;q=0.8',
  'connection' => 'close',
  'user-agent' => 'Mozilla/4.0 (compatible; MSIE 8.0; Windows NT 6.1; Trident/4.0; SLCC2; .NET CLR 2.0.50727; .NET CLR 3.5.30729; .NET CLR 3.0.30729; Media Center PC 6.0; Tablet PC 2.0)',
  'content-type' => '',
  'content-length' => '',
)
[ info ] [ PARAM ] array (
)
[ info ] [ SESSION ] INIT array (
  'id' => '',
  'var_session_id' => '',
  'prefix' => 'think',
  'type' => '',
  'auto_start' => true,
)
[ info ] [ LOG ] INIT File
---------------------------------------------------------------
[ 2018-06-30T23:03:49+08:00 ] 101.236.56.237 220.181.132.193 GET /guessing/Guessing/addGuess.html
[ info ] admin.iontrum.pk4yo.com/guessing/Guessing/addGuess.html [运行时间：0.019052s][吞吐率：52.49req/s] [内存消耗：2,452.17kb] [文件加载：48]
[ info ] [ LANG ] /var/www/us4yo-miraila-admin/thinkphp/lang/zh-cn.php
[ info ] [ ROUTE ] array (
  'type' => 'module',
  'module' => 
  array (
    0 => 'guessing',
    1 => 'Guessing',
    2 => 'addGuess',
  ),
)
[ info ] [ HEADER ] array (
  'host' => 'admin.iontrum.pk4yo.com',
  'connection' => 'keep-alive',
  'accept-language' => 'zh-CN,zh;q=0.8',
  'user-agent' => 'Mozilla/5.0 (Windows NT 6.1) AppleWebKit/537.36 (KHTML, like Gecko) Chrome/36.0.1985.125 Safari/537.36',
  'accept' => 'text/html,application/xhtml+xml,application/xml;q=0.9,*/*;q=0.8',
  'accept-encoding' => 'gzip,deflate',
  'accept-charset' => 'iso-8859-1,*,utf-8',
  'content-type' => '',
  'content-length' => '',
)
[ info ] [ PARAM ] array (
)
[ info ] [ SESSION ] INIT array (
  'id' => '',
  'var_session_id' => '',
  'prefix' => 'think',
  'type' => '',
  'auto_start' => true,
)
[ info ] [ LOG ] INIT File
---------------------------------------------------------------
[ 2018-06-30T23:03:49+08:00 ] 101.236.56.237 220.181.132.193 GET /login/Login/login.html
[ info ] admin.iontrum.pk4yo.com/login/Login/login.html [运行时间：0.017987s][吞吐率：55.60req/s] [内存消耗：2,315.69kb] [文件加载：46]
[ info ] [ LANG ] /var/www/us4yo-miraila-admin/thinkphp/lang/zh-cn.php
[ info ] [ ROUTE ] array (
  'type' => 'module',
  'module' => 
  array (
    0 => 'login',
    1 => 'Login',
    2 => 'login',
  ),
)
[ info ] [ HEADER ] array (
  'host' => 'admin.iontrum.pk4yo.com',
  'connection' => 'keep-alive',
  'accept-language' => 'zh-CN,zh;q=0.8',
  'user-agent' => 'Mozilla/5.0 (Windows NT 6.1) AppleWebKit/537.36 (KHTML, like Gecko) Chrome/36.0.1985.125 Safari/537.36',
  'accept' => 'text/html,application/xhtml+xml,application/xml;q=0.9,*/*;q=0.8',
  'accept-encoding' => 'gzip,deflate',
  'accept-charset' => 'iso-8859-1,*,utf-8',
  'cookie' => 'PHPSESSID=c1olaup2sjfnf8fo69b0rn7375',
  'content-type' => '',
  'content-length' => '',
)
[ info ] [ PARAM ] array (
)
[ info ] [ RUN ] admin\login\controller\Login->login[ /var/www/us4yo-miraila-admin/admin/login/controller/Login.php ]
[ info ] [ SESSION ] INIT array (
  'id' => '',
  'var_session_id' => '',
  'prefix' => 'think',
  'type' => '',
  'auto_start' => true,
)
[ info ] [ VIEW ] /var/www/us4yo-miraila-admin/public/../admin/login/view/login/login.html [ array (
) ]
[ info ] [ LOG ] INIT File
